<?xml version="1.0" encoding="UTF-8"?>
<!-- Generated by org.testng.reporters.JUnitReportReporter -->
<testsuite hostname="RST1126" name="com.packtFramework.driverInitiator.DriverEngineInitiator" tests="1" failures="0" timestamp="2 Feb 2015 06:36:58 GMT" time="39.050" errors="0">
  <testcase name="testSetUp" time="39.050" classname="com.packtFramework.driverInitiator.DriverEngineInitiator"/>
</testsuite> <!-- com.packtFramework.driverInitiator.DriverEngineInitiator -->
